2017-09-05 10:03:23,338 - BrowserEngine - INFO - You had select Chrome browser.
2017-09-05 10:03:23,339 - BrowserEngine - INFO - The test server url is:https://www.baidu.com
2017-09-05 10:03:25,565 - BrowserEngine - INFO - Starting Chrome browser,version:Chrome 55.0.2883.87
2017-09-05 10:03:36,175 - BrowserEngine - INFO - Maximize the current window.
2017-09-05 10:03:36,177 - BrowserEngine - INFO - Set implicitly wait 10 seconds.
2017-09-05 10:03:36,247 - BasePage - INFO - Had find the element ''successfulby xpath via value://*[@id='kw']
2017-09-05 10:03:36,487 - BasePage - INFO - Had type 'selenium' in inputBox
2017-09-05 10:03:36,549 - BasePage - INFO - Had find the element ''successfulby xpath via value://*[@id='su']
2017-09-05 10:03:36,627 - BasePage - INFO - The element '' was clicked.
2017-09-05 10:03:38,684 - BasePage - INFO - Had find the element ''successfulby xpath via value://*[@id='kw']
2017-09-05 10:03:38,785 - BasePage - INFO - Had type 'python' in inputBox
2017-09-05 10:03:38,819 - BasePage - INFO - Had find the element ''successfulby xpath via value://*[@id='su']
2017-09-05 10:03:38,869 - BasePage - INFO - The element '' was clicked.
2017-09-05 10:03:42,038 - BrowserEngine - INFO - You had select Chrome browser.
2017-09-05 10:03:42,038 - BrowserEngine - INFO - The test server url is:https://www.baidu.com
2017-09-05 10:03:44,268 - BrowserEngine - INFO - Starting Chrome browser,version:Chrome 55.0.2883.87
2017-09-05 10:03:45,912 - BrowserEngine - INFO - Maximize the current window.
2017-09-05 10:03:45,914 - BrowserEngine - INFO - Set implicitly wait 10 seconds.
2017-09-05 10:03:45,923 - BasePage - INFO - Current page title is 百度一下，你就知道
2017-09-05 10:03:45,940 - BasePage - INFO - Current page title is 百度一下，你就知道
2017-09-05 10:03:47,064 - BrowserEngine - INFO - You had select Chrome browser.
2017-09-05 10:03:47,065 - BrowserEngine - INFO - The test server url is:https://www.baidu.com
2017-09-05 10:03:49,050 - BrowserEngine - INFO - Starting Chrome browser,version:Chrome 55.0.2883.87
2017-09-05 10:03:50,757 - BrowserEngine - INFO - Maximize the current window.
2017-09-05 10:03:50,759 - BrowserEngine - INFO - Set implicitly wait 10 seconds.
2017-09-05 10:03:50,811 - BasePage - INFO - Had find the element '新闻'successfulby xpath via value://*[@id='u1']/a[1]
2017-09-05 10:03:52,499 - BasePage - INFO - The element '新闻' was clicked.
2017-09-05 10:03:54,500 - BasePage - INFO - Sleep for 2 seconds
2017-09-05 10:03:54,580 - BasePage - INFO - Had find the element '体育'successfulby xpath via value://*[@id='channel-all']/div/ul/li[9]/a
2017-09-05 10:03:55,424 - BasePage - INFO - The element '体育' was clicked.
2017-09-05 10:03:57,426 - BasePage - INFO - Sleep for 2 seconds
2017-09-05 10:03:57,474 - BasePage - INFO - Had find the element 'NBA'successfulby xpath via value://*[@id='channel-submenu']/div/span[2]/a[1]
2017-09-05 10:03:58,536 - BasePage - INFO - The element 'NBA' was clicked.
2017-09-05 10:04:00,537 - BasePage - INFO - Sleep for 2 seconds
2017-09-05 10:04:00,637 - BasePage - INFO - Had take screenshot and save to folder:/screenshots
