2017-12-03 17:24:40,173 - BrowserEngine - INFO - You had select Chrome browser.
2017-12-03 17:24:40,174 - BrowserEngine - INFO - The test server url is:https://www.baidu.com
2017-12-03 17:24:42,490 - BrowserEngine - INFO - Starting Chrome browser,version:Chrome 55.0.2883.87
2017-12-03 17:24:45,043 - BrowserEngine - INFO - Maximize the current window.
2017-12-03 17:24:45,054 - BrowserEngine - INFO - Set implicitly wait 10 seconds.
2017-12-03 17:24:45,207 - BasePage - INFO - Had find the element ''successfulby xpath via value://*[@id='kw']
2017-12-03 17:24:45,389 - BasePage - INFO - Had type 'selenium' in inputBox
2017-12-03 17:24:45,436 - BasePage - INFO - Had find the element ''successfulby xpath via value://*[@id='su']
2017-12-03 17:24:45,456 - BasePage - INFO - scrollToElement
2017-12-03 17:24:50,483 - BasePage - INFO - Had find the element ''successfulby xpath via value://*[@id='kw']
2017-12-03 17:24:50,552 - BasePage - INFO - Had type 'python' in inputBox
2017-12-03 17:24:50,574 - BasePage - INFO - Had find the element ''successfulby xpath via value://*[@id='su']
2017-12-03 17:24:50,666 - BasePage - INFO - The element '' was clicked.
2017-12-03 17:24:53,866 - BrowserEngine - INFO - You had select Chrome browser.
2017-12-03 17:24:53,866 - BrowserEngine - INFO - The test server url is:https://www.baidu.com
2017-12-03 17:24:56,117 - BrowserEngine - INFO - Starting Chrome browser,version:Chrome 55.0.2883.87
2017-12-03 17:25:01,363 - BrowserEngine - INFO - Maximize the current window.
2017-12-03 17:25:01,366 - BrowserEngine - INFO - Set implicitly wait 10 seconds.
2017-12-03 17:25:01,373 - BasePage - INFO - Current page title is 百度一下，你就知道
2017-12-03 17:25:01,388 - BasePage - INFO - Current page title is 百度一下，你就知道
2017-12-03 17:25:02,595 - BrowserEngine - INFO - You had select Chrome browser.
2017-12-03 17:25:02,596 - BrowserEngine - INFO - The test server url is:https://www.baidu.com
2017-12-03 17:25:04,776 - BrowserEngine - INFO - Starting Chrome browser,version:Chrome 55.0.2883.87
2017-12-03 17:25:07,116 - BrowserEngine - INFO - Maximize the current window.
2017-12-03 17:25:07,119 - BrowserEngine - INFO - Set implicitly wait 10 seconds.
2017-12-03 17:25:07,180 - BasePage - INFO - Had find the element '新闻'successfulby xpath via value://*[@id='u1']/a[1]
2017-12-03 17:25:10,024 - BasePage - INFO - The element '新闻' was clicked.
2017-12-03 17:25:12,027 - BasePage - INFO - Sleep for 2 seconds
2017-12-03 17:25:12,145 - BasePage - INFO - Had find the element '体育'successfulby xpath via value://*[@id='channel-all']/div/ul/li[9]/a
2017-12-03 17:25:13,934 - BasePage - INFO - The element '体育' was clicked.
2017-12-03 17:25:15,937 - BasePage - INFO - Sleep for 2 seconds
2017-12-03 17:25:16,081 - BasePage - INFO - Had find the element 'NBA'successfulby xpath via value://*[@id='channel-submenu']/div/span[2]/a[1]
2017-12-03 17:25:44,498 - BasePage - INFO - The element 'NBA' was clicked.
2017-12-03 17:25:46,499 - BasePage - INFO - Sleep for 2 seconds
2017-12-03 17:25:46,744 - BasePage - INFO - Had take screenshot and save to folder:/screenshots
